\BOOKMARK [1][-]{Section.0.Introduction.1}{\376\377\000I\000n\000t\000r\000o\000d\000u\000c\000t\000i\000o\000n}{}% 1
\BOOKMARK [1][-]{Section.1.The probit model.1}{\376\377\000T\000h\000e\000\040\000p\000r\000o\000b\000i\000t\000\040\000m\000o\000d\000e\000l}{}% 2
\BOOKMARK [2][-]{Subsection.2.0.Modeling choice behavior heterogeneity.2}{\376\377\000M\000o\000d\000e\000l\000i\000n\000g\000\040\000c\000h\000o\000i\000c\000e\000\040\000b\000e\000h\000a\000v\000i\000o\000r\000\040\000h\000e\000t\000e\000r\000o\000g\000e\000n\000e\000i\000t\000y}{Section.1.The probit model.1}% 3
\BOOKMARK [2][-]{Subsection.2.1.Model normalization.2}{\376\377\000M\000o\000d\000e\000l\000\040\000n\000o\000r\000m\000a\000l\000i\000z\000a\000t\000i\000o\000n}{Section.1.The probit model.1}% 4
\BOOKMARK [1][-]{Section.2.Choice data.1}{\376\377\000C\000h\000o\000i\000c\000e\000\040\000d\000a\000t\000a}{}% 5
\BOOKMARK [2][-]{Subsection.3.0.Model formula.2}{\376\377\000M\000o\000d\000e\000l\000\040\000f\000o\000r\000m\000u\000l\000a}{Section.2.Choice data.1}% 6
\BOOKMARK [2][-]{Subsection.3.1.The prepare data function.2}{\376\377\000T\000h\000e\000\040\000p\000r\000e\000p\000a\000r\000e\000\040\000d\000a\000t\000a\000\040\000f\000u\000n\000c\000t\000i\000o\000n}{Section.2.Choice data.1}% 7
\BOOKMARK [2][-]{Subsection.3.2.Example 1: Train data.2}{\376\377\000E\000x\000a\000m\000p\000l\000e\000\040\0001\000:\000\040\000T\000r\000a\000i\000n\000\040\000d\000a\000t\000a}{Section.2.Choice data.1}% 8
\BOOKMARK [2][-]{Subsection.3.3.Simulate choices.2}{\376\377\000S\000i\000m\000u\000l\000a\000t\000e\000\040\000c\000h\000o\000i\000c\000e\000s}{Section.2.Choice data.1}% 9
\BOOKMARK [2][-]{Subsection.3.4.Example 2: Simulated choices.2}{\376\377\000E\000x\000a\000m\000p\000l\000e\000\040\0002\000:\000\040\000S\000i\000m\000u\000l\000a\000t\000e\000d\000\040\000c\000h\000o\000i\000c\000e\000s}{Section.2.Choice data.1}% 10
\BOOKMARK [2][-]{Subsection.3.5.Train and test data set.2}{\376\377\000T\000r\000a\000i\000n\000\040\000a\000n\000d\000\040\000t\000e\000s\000t\000\040\000d\000a\000t\000a\000\040\000s\000e\000t}{Section.2.Choice data.1}% 11
\BOOKMARK [1][-]{Section.3.Model fitting.1}{\376\377\000M\000o\000d\000e\000l\000\040\000f\000i\000t\000t\000i\000n\000g}{}% 12
\BOOKMARK [2][-]{Subsection.4.0.Parameter normalization.2}{\376\377\000P\000a\000r\000a\000m\000e\000t\000e\000r\000\040\000n\000o\000r\000m\000a\000l\000i\000z\000a\000t\000i\000o\000n}{Section.3.Model fitting.1}% 13
\BOOKMARK [2][-]{Subsection.4.1.Burn-in and thinning.2}{\376\377\000B\000u\000r\000n\000-\000i\000n\000\040\000a\000n\000d\000\040\000t\000h\000i\000n\000n\000i\000n\000g}{Section.3.Model fitting.1}% 14
\BOOKMARK [2][-]{Subsection.4.2.The mcmc function.2}{\376\377\000T\000h\000e\000\040\000m\000c\000m\000c\000\040\000f\000u\000n\000c\000t\000i\000o\000n}{Section.3.Model fitting.1}% 15
\BOOKMARK [2][-]{Subsection.4.3.Example 1: Train (cont.).2}{\376\377\000E\000x\000a\000m\000p\000l\000e\000\040\0001\000:\000\040\000T\000r\000a\000i\000n\000\040\000\050\000c\000o\000n\000t\000.\000\051}{Section.3.Model fitting.1}% 16
\BOOKMARK [2][-]{Subsection.4.4.Checking the Gibbs samples.2}{\376\377\000C\000h\000e\000c\000k\000i\000n\000g\000\040\000t\000h\000e\000\040\000G\000i\000b\000b\000s\000\040\000s\000a\000m\000p\000l\000e\000s}{Section.3.Model fitting.1}% 17
\BOOKMARK [2][-]{Subsection.4.5.Model transformation after estimation.2}{\376\377\000M\000o\000d\000e\000l\000\040\000t\000r\000a\000n\000s\000f\000o\000r\000m\000a\000t\000i\000o\000n\000\040\000a\000f\000t\000e\000r\000\040\000e\000s\000t\000i\000m\000a\000t\000i\000o\000n}{Section.3.Model fitting.1}% 18
\BOOKMARK [1][-]{Section.4.Modeling heterogeneity.1}{\376\377\000M\000o\000d\000e\000l\000i\000n\000g\000\040\000h\000e\000t\000e\000r\000o\000g\000e\000n\000e\000i\000t\000y}{}% 19
\BOOKMARK [2][-]{Subsection.5.0.Estimating a joint normal mixing distribution.2}{\376\377\000E\000s\000t\000i\000m\000a\000t\000i\000n\000g\000\040\000a\000\040\000j\000o\000i\000n\000t\000\040\000n\000o\000r\000m\000a\000l\000\040\000m\000i\000x\000i\000n\000g\000\040\000d\000i\000s\000t\000r\000i\000b\000u\000t\000i\000o\000n}{Section.4.Modeling heterogeneity.1}% 20
\BOOKMARK [2][-]{Subsection.5.1.Estimating latent classes.2}{\376\377\000E\000s\000t\000i\000m\000a\000t\000i\000n\000g\000\040\000l\000a\000t\000e\000n\000t\000\040\000c\000l\000a\000s\000s\000e\000s}{Section.4.Modeling heterogeneity.1}% 21
\BOOKMARK [1][-]{Section.5.Choice prediction.1}{\376\377\000C\000h\000o\000i\000c\000e\000\040\000p\000r\000e\000d\000i\000c\000t\000i\000o\000n}{}% 22
\BOOKMARK [1][-]{Section.6.Model selection.1}{\376\377\000M\000o\000d\000e\000l\000\040\000s\000e\000l\000e\000c\000t\000i\000o\000n}{}% 23
\BOOKMARK [1][-]{Section.7.Applications.1}{\376\377\000A\000p\000p\000l\000i\000c\000a\000t\000i\000o\000n\000s}{}% 24
\BOOKMARK [2][-]{Subsection.8.0.Chess opening choice.2}{\376\377\000C\000h\000e\000s\000s\000\040\000o\000p\000e\000n\000i\000n\000g\000\040\000c\000h\000o\000i\000c\000e}{Section.7.Applications.1}% 25
\BOOKMARK [2][-]{Subsection.8.1.Berserking choice in online chess.2}{\376\377\000B\000e\000r\000s\000e\000r\000k\000i\000n\000g\000\040\000c\000h\000o\000i\000c\000e\000\040\000i\000n\000\040\000o\000n\000l\000i\000n\000e\000\040\000c\000h\000e\000s\000s}{Section.7.Applications.1}% 26
\BOOKMARK [2][-]{Subsection.8.2.Child wish.2}{\376\377\000C\000h\000i\000l\000d\000\040\000w\000i\000s\000h}{Section.7.Applications.1}% 27
\BOOKMARK [2][-]{Subsection.8.3.Contraception choice.2}{\376\377\000C\000o\000n\000t\000r\000a\000c\000e\000p\000t\000i\000o\000n\000\040\000c\000h\000o\000i\000c\000e}{Section.7.Applications.1}% 28
\BOOKMARK [1][-]{Section.8.Conclusion.1}{\376\377\000C\000o\000n\000c\000l\000u\000s\000i\000o\000n}{}% 29
